[2016-05-13 14:05:21.041] [INFO] cheese - NodeClub listening on port 3000
[2016-05-13 14:05:21.044] [INFO] cheese - God bless love....
[2016-05-13 14:05:21.045] [INFO] cheese - You can debug your app with http://localhost:3000
[2016-05-13 14:05:21.045] [INFO] cheese - 
[2016-05-13 14:05:30.815] [INFO] cheese - 

Started 2016-05-13T06:05:30.814Z GET / ::1
[2016-05-13 14:05:30.828] [INFO] cheese - Completed 404 undefined
[2016-05-13 14:09:24.136] [INFO] cheese - 

Started 2016-05-13T06:09:24.136Z GET / ::1
[2016-05-13 14:09:24.141] [INFO] cheese - Completed 404 undefined
[2016-05-13 14:10:27.070] [INFO] cheese - 

Started 2016-05-13T06:10:27.070Z GET /sendTopic/5731bed8eeaef145211043b9 ::1
[2016-05-13 14:10:27.071] [INFO] cheese - Completed 404 undefined
[2016-05-13 14:13:52.612] [INFO] cheese - NodeClub listening on port 3000
[2016-05-13 14:13:52.614] [INFO] cheese - God bless love....
[2016-05-13 14:13:52.615] [INFO] cheese - You can debug your app with http://localhost:3000
[2016-05-13 14:13:52.615] [INFO] cheese - 
[2016-05-13 14:14:04.099] [INFO] cheese - 

Started 2016-05-13T06:14:04.098Z GET /sendTopic/5731bed8eeaef145211043b9 ::1
[2016-05-13 14:14:04.111] [INFO] cheese - Completed 404 undefined
[2016-05-13 14:15:14.877] [INFO] cheese - NodeClub listening on port 3000
[2016-05-13 14:15:14.879] [INFO] cheese - God bless love....
[2016-05-13 14:15:14.880] [INFO] cheese - You can debug your app with http://localhost:3000
[2016-05-13 14:15:14.880] [INFO] cheese - 
[2016-05-13 14:15:19.412] [INFO] cheese - 

Started 2016-05-13T06:15:19.411Z GET /sendTopic/5731bed8eeaef145211043b9 ::1
[2016-05-13 14:15:19.428] [INFO] cheese - Completed 200 undefined
[2016-05-13 14:17:17.151] [INFO] cheese - NodeClub listening on port 3000
[2016-05-13 14:17:17.154] [INFO] cheese - God bless love....
[2016-05-13 14:17:17.155] [INFO] cheese - You can debug your app with http://localhost:3000
[2016-05-13 14:17:17.155] [INFO] cheese - 
[2016-05-13 14:17:22.071] [INFO] cheese - 

Started 2016-05-13T06:17:22.070Z GET /sendTopic/5731bed8eeaef145211043b9 ::1
[2016-05-13 14:17:22.083] [INFO] cheese - Completed 304 undefined
[2016-05-13 14:19:11.527] [INFO] cheese - NodeClub listening on port 3000
[2016-05-13 14:19:11.530] [INFO] cheese - God bless love....
[2016-05-13 14:19:11.531] [INFO] cheese - You can debug your app with http://localhost:3000
[2016-05-13 14:19:11.531] [INFO] cheese - 
[2016-05-13 14:19:14.978] [INFO] cheese - 

Started 2016-05-13T06:19:14.976Z GET /sendTopic/5731bed8eeaef145211043b9 ::1
[2016-05-13 14:19:14.989] [INFO] cheese - Completed 304 undefined
[2016-05-13 14:19:44.293] [INFO] cheese - 

Started 2016-05-13T06:19:44.293Z GET /sendTopic/user_id=5731bed8eeaef145211043b9 ::1
[2016-05-13 14:19:44.298] [INFO] cheese - Completed 200 undefined
[2016-05-13 14:22:12.355] [INFO] cheese - NodeClub listening on port 3000
[2016-05-13 14:22:12.358] [INFO] cheese - God bless love....
[2016-05-13 14:22:12.359] [INFO] cheese - You can debug your app with http://localhost:3000
[2016-05-13 14:22:12.359] [INFO] cheese - 
[2016-05-13 14:22:17.792] [INFO] cheese - 

Started 2016-05-13T06:22:17.791Z GET /sendTopic/user_id=5731bed8eeaef145211043b9 ::1
[2016-05-13 14:22:17.805] [INFO] cheese - Completed 304 undefined
[2016-05-13 14:22:27.325] [INFO] cheese - 

Started 2016-05-13T06:22:27.325Z GET /sendTopic/userid=5731bed8eeaef145211043b9 ::1
[2016-05-13 14:22:27.330] [INFO] cheese - Completed 200 undefined
[2016-05-13 14:22:35.838] [INFO] cheese - 

Started 2016-05-13T06:22:35.837Z GET /sendTopic/5731bed8eeaef145211043b9 ::1
[2016-05-13 14:22:35.840] [INFO] cheese - Completed 304 undefined
[2016-05-13 14:22:36.016] [INFO] cheese - 

Started 2016-05-13T06:22:36.016Z GET /sendTopic/5731bed8eeaef145211043b9 ::1
[2016-05-13 14:22:36.018] [INFO] cheese - Completed 304 undefined
[2016-05-13 14:24:00.398] [INFO] cheese - 

Started 2016-05-13T06:24:00.398Z GET /userInfo/%E4%B8%8D%E7%9F%A5%E6%98%AF%E5%93%AA%E4%B8%AA%E5%8F%B7 ::1
[2016-05-13 14:24:00.418] [DEBUG] cheese - undefined 'users.undefined {"conditions":{"loginname":null},"options":{},"collectionName":"users"} '
[2016-05-13 14:24:00.421] [INFO] cheese - Completed 200 undefined
[2016-05-13 14:24:21.095] [INFO] cheese - 

Started 2016-05-13T06:24:21.095Z GET /userInfo/name=%E4%B8%8D%E7%9F%A5%E6%98%AF%E5%93%AA%E4%B8%AA%E5%8F%B7 ::1
[2016-05-13 14:24:21.099] [DEBUG] cheese - undefined 'users.undefined {"conditions":{"loginname":null},"options":{},"collectionName":"users"} '
[2016-05-13 14:24:21.101] [INFO] cheese - Completed 200 undefined
[2016-05-13 14:24:24.687] [INFO] cheese - 

Started 2016-05-13T06:24:24.687Z GET /userInfo/name/%E4%B8%8D%E7%9F%A5%E6%98%AF%E5%93%AA%E4%B8%AA%E5%8F%B7 ::1
[2016-05-13 14:24:24.691] [INFO] cheese - Completed 404 undefined
[2016-05-13 14:24:37.646] [INFO] cheese - 

Started 2016-05-13T06:24:37.646Z GET /userInfo/name:%E4%B8%8D%E7%9F%A5%E6%98%AF%E5%93%AA%E4%B8%AA%E5%8F%B7 ::1
[2016-05-13 14:24:37.651] [DEBUG] cheese - undefined 'users.undefined {"conditions":{"loginname":null},"options":{},"collectionName":"users"} '
[2016-05-13 14:24:37.651] [INFO] cheese - Completed 200 undefined
[2016-05-13 14:25:30.386] [INFO] cheese - 

Started 2016-05-13T06:25:30.386Z GET /userInfo ::1
[2016-05-13 14:25:30.390] [INFO] cheese - Completed 404 undefined
[2016-05-13 14:27:54.715] [INFO] cheese - 

Started 2016-05-13T06:27:54.713Z POST /register ::1
[2016-05-13 14:27:54.855] [DEBUG] cheese - undefined 'users.undefined {"conditions":{"$or":[{"loginname":"test123"},{"email":"625574612@qq.com"}]},"options":{},"collectionName":"users"} '
[2016-05-13 14:27:55.217] [INFO] cheese - Completed 200 undefined
[2016-05-13 14:33:55.599] [INFO] cheese - 

Started 2016-05-13T06:33:55.599Z GET /userInfo ::1
[2016-05-13 14:33:55.601] [INFO] cheese - Completed 404 undefined
[2016-05-13 14:34:00.874] [INFO] cheese - 

Started 2016-05-13T06:34:00.874Z GET /userInfo/test123 ::1
[2016-05-13 14:34:00.879] [DEBUG] cheese - undefined 'users.undefined {"conditions":{"loginname":null},"options":{},"collectionName":"users"} '
[2016-05-13 14:34:00.880] [INFO] cheese - Completed 200 undefined
[2016-05-13 14:34:01.969] [INFO] cheese - 

Started 2016-05-13T06:34:01.968Z GET /userInfo/test123 ::1
[2016-05-13 14:34:01.972] [DEBUG] cheese - undefined 'users.undefined {"conditions":{"loginname":null},"options":{},"collectionName":"users"} '
[2016-05-13 14:34:01.973] [INFO] cheese - Completed 200 undefined
[2016-05-13 14:34:02.124] [INFO] cheese - 

Started 2016-05-13T06:34:02.105Z GET /userInfo/test123 ::1
[2016-05-13 14:34:02.128] [DEBUG] cheese - undefined 'users.undefined {"conditions":{"loginname":null},"options":{},"collectionName":"users"} '
[2016-05-13 14:34:02.129] [INFO] cheese - Completed 200 undefined
[2016-05-13 14:35:51.642] [INFO] cheese - NodeClub listening on port 3000
[2016-05-13 14:35:51.645] [INFO] cheese - God bless love....
[2016-05-13 14:35:51.646] [INFO] cheese - You can debug your app with http://localhost:3000
[2016-05-13 14:35:51.646] [INFO] cheese - 
[2016-05-13 14:35:55.518] [INFO] cheese - 

Started 2016-05-13T06:35:55.517Z GET /userInfo/test123 ::1
[2016-05-13 14:35:55.534] [DEBUG] cheese - undefined 'users.undefined {"conditions":{"loginname":"param"},"options":{},"collectionName":"users"} '
[2016-05-13 14:35:55.542] [INFO] cheese - Completed 200 undefined
[2016-05-13 14:39:26.813] [INFO] cheese - NodeClub listening on port 3000
[2016-05-13 14:39:26.816] [INFO] cheese - God bless love....
[2016-05-13 14:39:26.817] [INFO] cheese - You can debug your app with http://localhost:3000
[2016-05-13 14:39:26.817] [INFO] cheese - 
[2016-05-13 14:39:32.661] [INFO] cheese - 

Started 2016-05-13T06:39:32.660Z GET /userInfo ::1
[2016-05-13 14:39:32.676] [INFO] cheese - Completed 404 undefined
[2016-05-13 14:39:45.148] [INFO] cheese - 

Started 2016-05-13T06:39:45.148Z GET /userInfo/test123 ::1
[2016-05-13 14:39:45.166] [INFO] cheese - Completed 500 undefined
[2016-05-13 14:41:22.948] [INFO] cheese - NodeClub listening on port 3000
[2016-05-13 14:41:22.952] [INFO] cheese - God bless love....
[2016-05-13 14:41:22.953] [INFO] cheese - You can debug your app with http://localhost:3000
[2016-05-13 14:41:22.953] [INFO] cheese - 
[2016-05-13 14:41:25.829] [INFO] cheese - 

Started 2016-05-13T06:41:25.828Z GET /userInfo/test123 ::1
[2016-05-13 14:41:25.846] [INFO] cheese - Completed 500 undefined
[2016-05-13 14:46:57.396] [INFO] cheese - NodeClub listening on port 3000
[2016-05-13 14:46:57.400] [INFO] cheese - God bless love....
[2016-05-13 14:46:57.401] [INFO] cheese - You can debug your app with http://localhost:3000
[2016-05-13 14:46:57.401] [INFO] cheese - 
[2016-05-13 14:47:00.059] [INFO] cheese - 

Started 2016-05-13T06:47:00.058Z GET /userInfo/test123 ::1
[2016-05-13 14:47:00.073] [DEBUG] cheese - undefined 'users.undefined {"conditions":{"loginname":"test123"},"options":{},"collectionName":"users"} '
[2016-05-13 14:47:00.090] [INFO] cheese - Completed 200 undefined
[2016-05-13 14:47:31.830] [INFO] cheese - 

Started 2016-05-13T06:47:31.829Z GET /userInfo/sendTopic/573573eb807dbb8b0dd74f08 ::1
[2016-05-13 14:47:31.835] [INFO] cheese - Completed 404 undefined
[2016-05-13 14:48:34.945] [INFO] cheese - NodeClub listening on port 3000
[2016-05-13 14:48:34.948] [INFO] cheese - God bless love....
[2016-05-13 14:48:34.949] [INFO] cheese - You can debug your app with http://localhost:3000
[2016-05-13 14:48:34.949] [INFO] cheese - 
[2016-05-13 14:48:37.118] [INFO] cheese - 

Started 2016-05-13T06:48:37.118Z GET /userInfo/sendTopic/573573eb807dbb8b0dd74f08 ::1
[2016-05-13 14:48:37.130] [INFO] cheese - Completed 404 undefined
[2016-05-13 14:48:53.274] [INFO] cheese - 

Started 2016-05-13T06:48:53.274Z GET /sendTopic/573573eb807dbb8b0dd74f08 ::1
[2016-05-13 14:48:53.285] [INFO] cheese - Completed 200 undefined
[2016-05-13 14:53:15.817] [INFO] cheese - NodeClub listening on port 3000
[2016-05-13 14:53:15.820] [INFO] cheese - God bless love....
[2016-05-13 14:53:15.821] [INFO] cheese - You can debug your app with http://localhost:3000
[2016-05-13 14:53:15.821] [INFO] cheese - 
[2016-05-13 14:53:19.764] [INFO] cheese - 

Started 2016-05-13T06:53:19.764Z GET /sendTopic/573573eb807dbb8b0dd74f08 ::1
[2016-05-13 14:53:19.779] [INFO] cheese - Completed 200 undefined
[2016-05-13 14:54:17.683] [INFO] cheese - NodeClub listening on port 3000
[2016-05-13 14:54:17.686] [INFO] cheese - God bless love....
[2016-05-13 14:54:17.687] [INFO] cheese - You can debug your app with http://localhost:3000
[2016-05-13 14:54:17.687] [INFO] cheese - 
[2016-05-13 14:54:34.540] [INFO] cheese - 

Started 2016-05-13T06:54:34.539Z GET /sendTopic/573573eb807dbb8b0dd74f08 ::1
[2016-05-13 14:54:34.553] [INFO] cheese - Completed 200 undefined
[2016-05-13 14:57:03.369] [INFO] cheese - NodeClub listening on port 3000
[2016-05-13 14:57:03.372] [INFO] cheese - God bless love....
[2016-05-13 14:57:03.373] [INFO] cheese - You can debug your app with http://localhost:3000
[2016-05-13 14:57:03.373] [INFO] cheese - 
[2016-05-13 14:57:05.626] [INFO] cheese - 

Started 2016-05-13T06:57:05.626Z GET /sendTopic/573573eb807dbb8b0dd74f08 ::1
[2016-05-13 14:57:05.754] [INFO] cheese - Completed 200 undefined
[2016-05-19 15:29:54.374] [INFO] cheese - NodeClub listening on port 3000
[2016-05-19 15:29:54.378] [INFO] cheese - God bless love....
[2016-05-19 15:29:54.379] [INFO] cheese - You can debug your app with http://localhost:3000
[2016-05-19 15:29:54.379] [INFO] cheese - 
